Copyright 1986-2020 Xilinx, Inc. All Rights Reserved.
------------------------------------------------------------------------------------------
| Tool Version : Vivado v.2020.1 (win64) Build 2902540 Wed May 27 19:54:49 MDT 2020
| Date         : Thu Oct 29 18:54:55 2020
| Host         : SAMANTHAWHI2B51 running 64-bit major release  (build 9200)
| Command      : report_control_sets -verbose -file VGAController_control_sets_placed.rpt
| Design       : VGAController
| Device       : xc7a100t
------------------------------------------------------------------------------------------

Control Set Information

Table of Contents
-----------------
1. Summary
2. Histogram
3. Flip-Flop Distribution
4. Detailed Control Set Information

1. Summary
----------

+----------------------------------------------------------+-------+
|                          Status                          | Count |
+----------------------------------------------------------+-------+
| Total control sets                                       |     6 |
|    Minimum number of control sets                        |     6 |
|    Addition due to synthesis replication                 |     0 |
|    Addition due to physical synthesis replication        |     0 |
| Unused register locations in slices containing registers |    21 |
+----------------------------------------------------------+-------+
* Control sets can be merged at opt_design using control_set_merge or merge_equivalent_drivers
** Run report_qor_suggestions for automated merging and remapping suggestions


2. Histogram
------------

+--------------------+-------+
|       Fanout       | Count |
+--------------------+-------+
| Total control sets |     6 |
| >= 0 to < 4        |     0 |
| >= 4 to < 6        |     0 |
| >= 6 to < 8        |     0 |
| >= 8 to < 10       |     0 |
| >= 10 to < 12      |     3 |
| >= 12 to < 14      |     1 |
| >= 14 to < 16      |     0 |
| >= 16              |     2 |
+--------------------+-------+
* Control sets can be remapped at either synth_design or opt_design


3. Flip-Flop Distribution
-------------------------

+--------------+-----------------------+------------------------+-----------------+--------------+
| Clock Enable | Synchronous Set/Reset | Asynchronous Set/Reset | Total Registers | Total Slices |
+--------------+-----------------------+------------------------+-----------------+--------------+
| No           | No                    | No                     |              10 |            5 |
| No           | No                    | Yes                    |              10 |            5 |
| No           | Yes                   | No                     |               0 |            0 |
| Yes          | No                    | No                     |              64 |           16 |
| Yes          | No                    | Yes                    |              23 |            8 |
| Yes          | Yes                   | No                     |               0 |            0 |
+--------------+-----------------------+------------------------+-----------------+--------------+


4. Detailed Control Set Information
-----------------------------------

+---------------------+-----------------------+------------------+------------------+----------------+--------------+
|     Clock Signal    |     Enable Signal     | Set/Reset Signal | Slice Load Count | Bel Load Count | Bels / Slice |
+---------------------+-----------------------+------------------+------------------+----------------+--------------+
|  clk_IBUF_BUFG      |                       |                  |                5 |             10 |         2.00 |
|  pixCounter_BUFG[1] |                       | reset_IBUF       |                5 |             10 |         2.00 |
|  pixCounter_BUFG[1] | Display/vPos          | reset_IBUF       |                4 |             10 |         2.50 |
|  pixCounter_BUFG[1] | Display/vPos_reg[3]_0 | reset_IBUF       |                4 |             13 |         3.25 |
|  clk_IBUF_BUFG      | Display/sy            |                  |                8 |             32 |         4.00 |
|  clk_IBUF_BUFG      | Display/sx            |                  |                8 |             32 |         4.00 |
+---------------------+-----------------------+------------------+------------------+----------------+--------------+


